2024-05-24 00:02:27.501 [info] Log level: Info
2024-05-24 00:02:27.501 [info] Validating found git in: "git"
2024-05-24 00:02:27.501 [info] Using git "2.34.1" from "git"
2024-05-24 00:02:27.501 [info] > git rev-parse --show-toplevel [1ms]
2024-05-24 00:02:27.501 [info] > git rev-parse --git-dir --git-common-dir [0ms]
2024-05-24 00:02:27.501 [info] Open repository: /home/eric
2024-05-24 00:02:27.501 [info] > git rev-parse --show-toplevel [13ms]
2024-05-24 00:02:27.501 [info] > git config --get commit.template [18ms]
2024-05-24 00:02:27.501 [info] > git for-each-ref --format=%(refname)%00%(upstream:short)%00%(objectname)%00%(upstream:track)%00%(upstream:remotename)%00%(upstream:remoteref) refs/heads/main refs/remotes/main [1ms]
2024-05-24 00:02:27.501 [info] > git rev-parse --show-toplevel [6ms]
2024-05-24 00:02:27.501 [info] > git rev-parse --show-toplevel [1ms]
2024-05-24 00:02:27.510 [info] > git rev-parse --show-toplevel [0ms]
2024-05-24 00:02:27.518 [info] > git rev-parse --show-toplevel [1ms]
2024-05-24 00:02:27.526 [info] > git rev-parse --show-toplevel [2ms]
2024-05-24 00:02:27.532 [info] > git rev-parse --show-toplevel [0ms]
2024-05-24 00:02:27.536 [info] > git rev-parse --show-toplevel [0ms]
2024-05-24 00:02:27.539 [info] > git rev-parse --show-toplevel [0ms]
2024-05-24 00:02:27.542 [info] > git rev-parse --show-toplevel [0ms]
2024-05-24 00:02:27.597 [info] > git status -z -uall [91ms]
2024-05-24 00:02:27.609 [info] > git merge-base refs/heads/main refs/remotes/origin/main [7ms]
2024-05-24 00:02:27.613 [info] > git config --get commit.template [4ms]
2024-05-24 00:02:27.613 [info] > git rev-list --count --left-right refs/heads/main...refs/remotes/origin/main [0ms]
2024-05-24 00:02:27.620 [info] > git diff --name-status -z --diff-filter=ADMR 120be8895aebda97fec442cb1e7dc56d7660fdcc...refs/remotes/origin/main [3ms]
2024-05-24 00:02:27.621 [info] > git for-each-ref --format=%(refname)%00%(upstream:short)%00%(objectname)%00%(upstream:track)%00%(upstream:remotename)%00%(upstream:remoteref) refs/heads/main refs/remotes/main [1ms]
2024-05-24 00:02:27.715 [info] > git status -z -uall [90ms]
2024-05-24 00:02:27.995 [info] > git show --textconv :floor_test.py [11ms]
2024-05-24 00:02:27.999 [info] > git ls-files --stage -- /home/eric/floor_test.py [10ms]
2024-05-24 00:02:28.004 [info] > git cat-file -s 2578d1e22bdd525fb15990b686f22bb5f0bdd93b [0ms]
2024-05-24 00:02:28.021 [info] > git check-ignore -v -z --stdin [28ms]
2024-05-24 00:02:31.515 [info] > git config --get commit.template [11ms]
2024-05-24 00:02:31.521 [info] > git for-each-ref --format=%(refname)%00%(upstream:short)%00%(objectname)%00%(upstream:track)%00%(upstream:remotename)%00%(upstream:remoteref) refs/heads/main refs/remotes/main [1ms]
2024-05-24 00:02:31.618 [info] > git status -z -uall [90ms]
2024-05-24 00:02:34.569 [info] > git check-ignore -v -z --stdin [19ms]
2024-05-24 00:02:35.563 [info] > git check-ignore -v -z --stdin [10ms]
2024-05-24 00:02:36.195 [info] > git check-ignore -v -z --stdin [11ms]
2024-05-24 00:02:36.639 [info] > git config --get commit.template [8ms]
2024-05-24 00:02:36.640 [info] > git for-each-ref --format=%(refname)%00%(upstream:short)%00%(objectname)%00%(upstream:track)%00%(upstream:remotename)%00%(upstream:remoteref) refs/heads/main refs/remotes/main [3ms]
2024-05-24 00:02:36.748 [info] > git status -z -uall [97ms]
2024-05-24 00:02:41.762 [info] > git config --get commit.template [2ms]
2024-05-24 00:02:41.773 [info] > git for-each-ref --format=%(refname)%00%(upstream:short)%00%(objectname)%00%(upstream:track)%00%(upstream:remotename)%00%(upstream:remoteref) refs/heads/main refs/remotes/main [2ms]
2024-05-24 00:02:41.882 [info] > git status -z -uall [99ms]
2024-05-24 00:02:45.048 [info] > git show --textconv :results/6049-6248_traceroute.json [9ms]
2024-05-24 00:02:45.051 [info] > git ls-files --stage -- /home/eric/results/6049-6248_traceroute.json [7ms]
2024-05-24 00:02:45.057 [info] > git cat-file -s c453cbdbeaf79869b732ea1a9c53e7f31b8a4804 [1ms]
2024-05-24 00:02:46.906 [info] > git config --get commit.template [9ms]
2024-05-24 00:02:46.907 [info] > git for-each-ref --format=%(refname)%00%(upstream:short)%00%(objectname)%00%(upstream:track)%00%(upstream:remotename)%00%(upstream:remoteref) refs/heads/main refs/remotes/main [3ms]
2024-05-24 00:02:47.012 [info] > git status -z -uall [94ms]
2024-05-24 00:02:50.530 [info] > git check-ignore -v -z --stdin [17ms]
2024-05-24 00:02:52.028 [info] > git config --get commit.template [4ms]
2024-05-24 00:02:52.039 [info] > git for-each-ref --format=%(refname)%00%(upstream:short)%00%(objectname)%00%(upstream:track)%00%(upstream:remotename)%00%(upstream:remoteref) refs/heads/main refs/remotes/main [1ms]
2024-05-24 00:02:52.148 [info] > git status -z -uall [98ms]
2024-05-24 00:02:54.602 [info] > git check-ignore -v -z --stdin [10ms]
2024-05-24 00:02:57.173 [info] > git config --get commit.template [10ms]
2024-05-24 00:02:57.174 [info] > git for-each-ref --format=%(refname)%00%(upstream:short)%00%(objectname)%00%(upstream:track)%00%(upstream:remotename)%00%(upstream:remoteref) refs/heads/main refs/remotes/main [2ms]
2024-05-24 00:02:57.296 [info] > git status -z -uall [111ms]
2024-05-24 00:02:59.230 [info] > git check-ignore -v -z --stdin [10ms]
2024-05-24 00:03:02.317 [info] > git config --get commit.template [10ms]
2024-05-24 00:03:02.317 [info] > git for-each-ref --format=%(refname)%00%(upstream:short)%00%(objectname)%00%(upstream:track)%00%(upstream:remotename)%00%(upstream:remoteref) refs/heads/main refs/remotes/main [1ms]
2024-05-24 00:03:02.422 [info] > git status -z -uall [97ms]
2024-05-24 00:03:07.213 [info] > git check-ignore -v -z --stdin [10ms]
2024-05-24 00:03:07.447 [info] > git config --get commit.template [12ms]
2024-05-24 00:03:07.447 [info] > git for-each-ref --format=%(refname)%00%(upstream:short)%00%(objectname)%00%(upstream:track)%00%(upstream:remotename)%00%(upstream:remoteref) refs/heads/main refs/remotes/main [1ms]
2024-05-24 00:03:07.553 [info] > git status -z -uall [96ms]
2024-05-24 00:03:11.247 [info] > git check-ignore -v -z --stdin [19ms]
2024-05-24 00:03:12.574 [info] > git config --get commit.template [10ms]
2024-05-24 00:03:12.574 [info] > git for-each-ref --format=%(refname)%00%(upstream:short)%00%(objectname)%00%(upstream:track)%00%(upstream:remotename)%00%(upstream:remoteref) refs/heads/main refs/remotes/main [1ms]
2024-05-24 00:03:12.677 [info] > git status -z -uall [94ms]
2024-05-24 00:03:17.701 [info] > git config --get commit.template [11ms]
2024-05-24 00:03:17.702 [info] > git for-each-ref --format=%(refname)%00%(upstream:short)%00%(objectname)%00%(upstream:track)%00%(upstream:remotename)%00%(upstream:remoteref) refs/heads/main refs/remotes/main [2ms]
2024-05-24 00:03:17.807 [info] > git status -z -uall [95ms]
