2024-05-23 12:52:09.835 [info] Experiment 'pythonCreateEnvOnPipInstallcf' is active
2024-05-23 12:52:09.835 [info] Experiment 'pythonRecommendTensorboardExt' is active
2024-05-23 12:52:09.835 [info] Experiment 'pythonSurveyNotification' is active
2024-05-23 12:52:09.835 [info] Experiment 'pythonTerminalEnvVarActivation' is active
2024-05-23 12:52:09.835 [info] Experiment 'pythonTestAdapter' is active
2024-05-23 12:52:09.835 [info] Default formatter is set to null for workspace /home/eric
2024-05-23 12:52:09.835 [info] Python interpreter path: ./miniconda3/bin/python
2024-05-23 12:52:09.864 [info] > pyenv which python
2024-05-23 12:52:09.864 [info] cwd: .
2024-05-23 12:52:09.890 [info] > conda info --json
2024-05-23 12:52:09.890 [info] shell: bash
2024-05-23 12:52:10.166 [info] > conda run -n base --no-capture-output python ./.vscode-server/extensions/ms-python.python-2024.6.0/python_files/get_output_via_markers.py ./.vscode-server/extensions/ms-python.python-2024.6.0/python_files/printEnvVariables.py
2024-05-23 12:52:10.166 [info] shell: bash
2024-05-23 12:52:10.433 [info] > /usr/bin/python3 ./.vscode-server/extensions/ms-python.python-2024.6.0/python_files/printEnvVariables.py
2024-05-23 12:52:10.433 [info] shell: bash
2024-05-23 12:52:10.444 [info] Setting environment variable CONDA_ROOT in collection to /home/eric/miniconda3 {"applyAtShellIntegration":true,"applyAtProcessCreation":true}
2024-05-23 12:52:10.445 [info] Send text to terminal: /usr/bin/python3 /home/eric/.vscode-server/extensions/ms-python.python-2024.6.0/python_files/printEnvVariablesToFile.py /home/eric/.vscode-server/extensions/ms-python.python-2024.6.0/python_files/deactivate/bash/envVars.txt
2024-05-23 12:52:10.639 [info] Starting Pylance language server.
2024-05-23 12:52:15.678 [info] > conda info --json
2024-05-23 12:53:50.843 [info] Discover tests for workspace name: eric - uri: /home/eric/test.py
2024-05-23 12:54:55.014 [info] Discover tests for workspace name: eric - uri: /home/eric/test.py
2024-05-23 12:55:02.983 [info] Discover tests for workspace name: eric - uri: /home/eric/test.py
2024-05-23 12:55:07.297 [info] Discover tests for workspace name: eric - uri: /home/eric/test.py
2024-05-23 12:57:24.853 [info] Discover tests for workspace name: eric - uri: /home/eric/test.py
2024-05-23 12:58:03.207 [info] Discover tests for workspace name: eric - uri: /home/eric/test.py
2024-05-23 12:58:07.387 [info] Discover tests for workspace name: eric - uri: /home/eric/test.py
2024-05-23 12:58:17.232 [info] Discover tests for workspace name: eric - uri: /home/eric/test.py
2024-05-23 12:58:23.385 [info] Discover tests for workspace name: eric - uri: /home/eric/test.py
2024-05-23 12:58:27.954 [info] Discover tests for workspace name: eric - uri: /home/eric/test.py
2024-05-23 12:58:33.898 [info] Discover tests for workspace name: eric - uri: /home/eric/test.py
2024-05-23 12:58:45.327 [info] Discover tests for workspace name: eric - uri: /home/eric/test.py
2024-05-23 13:11:04.549 [info] Discover tests for workspace name: eric - uri: /home/eric/country_dist_cal.py
2024-05-23 13:12:48.000 [info] Discover tests for workspace name: eric - uri: /home/eric/country_dist_cal.py
2024-05-23 13:13:05.096 [info] Discover tests for workspace name: eric - uri: /home/eric/country_dist_cal.py
2024-05-23 13:13:10.071 [info] Discover tests for workspace name: eric - uri: /home/eric/country_dist_cal.py
2024-05-23 13:13:12.463 [info] Discover tests for workspace name: eric - uri: /home/eric/country_dist_cal.py
2024-05-23 13:13:15.654 [info] Discover tests for workspace name: eric - uri: /home/eric/country_dist_cal.py
2024-05-23 13:13:53.004 [info] Discover tests for workspace name: eric - uri: /home/eric/country_dist_cal.py
2024-05-23 13:14:01.927 [info] Discover tests for workspace name: eric - uri: /home/eric/country_dist_cal.py
2024-05-23 13:14:07.766 [info] Discover tests for workspace name: eric - uri: /home/eric/test.py
2024-05-23 13:14:12.351 [info] Discover tests for workspace name: eric - uri: /home/eric/test.py
2024-05-23 13:14:17.089 [info] Discover tests for workspace name: eric - uri: /home/eric/test.py
2024-05-23 13:18:25.328 [info] Discover tests for workspace name: eric - uri: /home/eric/country_dist_cal.py
2024-05-23 13:18:53.880 [info] Discover tests for workspace name: eric - uri: /home/eric/country_dist_cal.py
2024-05-23 13:19:15.219 [info] Discover tests for workspace name: eric - uri: /home/eric/country_dist_cal.py
2024-05-23 13:19:16.792 [info] Discover tests for workspace name: eric - uri: /home/eric/country_dist_cal.py
2024-05-23 13:19:21.636 [info] Discover tests for workspace name: eric - uri: /home/eric/country_dist_cal.py
2024-05-23 13:19:25.662 [info] Discover tests for workspace name: eric - uri: /home/eric/country_dist_cal.py
2024-05-23 13:19:28.084 [info] Discover tests for workspace name: eric - uri: /home/eric/country_dist_cal.py
2024-05-23 13:19:33.542 [info] Discover tests for workspace name: eric - uri: /home/eric/country_dist_cal.py
2024-05-23 13:19:36.948 [info] Discover tests for workspace name: eric - uri: /home/eric/country_dist_cal.py
2024-05-23 13:19:38.298 [info] Discover tests for workspace name: eric - uri: /home/eric/country_dist_cal.py
2024-05-23 13:20:05.862 [info] Discover tests for workspace name: eric - uri: /home/eric/test.py
2024-05-23 13:20:08.713 [info] Discover tests for workspace name: eric - uri: /home/eric/test.py
2024-05-23 13:20:13.510 [info] Discover tests for workspace name: eric - uri: /home/eric/test.py
2024-05-23 13:20:14.658 [info] Discover tests for workspace name: eric - uri: /home/eric/test.py
2024-05-23 13:20:40.317 [info] Discover tests for workspace name: eric - uri: /home/eric/test.py
2024-05-23 13:20:54.514 [info] Discover tests for workspace name: eric - uri: /home/eric/test.py
2024-05-23 13:20:55.924 [info] Discover tests for workspace name: eric - uri: /home/eric/test.py
2024-05-23 13:21:49.973 [info] Discover tests for workspace name: eric - uri: /home/eric/test.py
2024-05-23 13:22:07.550 [info] Discover tests for workspace name: eric - uri: /home/eric/test.py
2024-05-23 13:22:14.292 [info] Discover tests for workspace name: eric - uri: /home/eric/test.py
2024-05-23 13:22:16.045 [info] Discover tests for workspace name: eric - uri: /home/eric/test.py
2024-05-23 13:23:17.200 [info] Discover tests for workspace name: eric - uri: /home/eric/test.py
2024-05-23 13:23:23.111 [info] Discover tests for workspace name: eric - uri: /home/eric/test.py
2024-05-23 13:23:24.522 [info] Discover tests for workspace name: eric - uri: /home/eric/test.py
2024-05-23 13:23:45.305 [info] Discover tests for workspace name: eric - uri: /home/eric/test.py
2024-05-23 13:23:47.828 [info] Discover tests for workspace name: eric - uri: /home/eric/test.py
2024-05-23 13:23:49.791 [info] Discover tests for workspace name: eric - uri: /home/eric/test.py
2024-05-23 13:23:52.317 [info] Discover tests for workspace name: eric - uri: /home/eric/test.py
2024-05-23 13:23:54.424 [info] Discover tests for workspace name: eric - uri: /home/eric/test.py
2024-05-23 13:23:57.483 [info] Discover tests for workspace name: eric - uri: /home/eric/test.py
2024-05-23 13:23:59.049 [info] Discover tests for workspace name: eric - uri: /home/eric/test.py
2024-05-23 13:24:16.384 [info] Discover tests for workspace name: eric - uri: /home/eric/test.py
2024-05-23 13:24:17.994 [info] Discover tests for workspace name: eric - uri: /home/eric/test.py
2024-05-23 13:24:20.024 [info] Discover tests for workspace name: eric - uri: /home/eric/test.py
2024-05-23 13:24:21.163 [info] Discover tests for workspace name: eric - uri: /home/eric/test.py
2024-05-23 13:24:31.958 [info] Discover tests for workspace name: eric - uri: /home/eric/test.py
2024-05-23 13:24:34.775 [info] Discover tests for workspace name: eric - uri: /home/eric/test.py
2024-05-23 13:24:38.310 [info] Discover tests for workspace name: eric - uri: /home/eric/test.py
2024-05-23 13:25:11.427 [info] Discover tests for workspace name: eric - uri: /home/eric/test.py
2024-05-23 13:25:18.208 [info] Discover tests for workspace name: eric - uri: /home/eric/test.py
2024-05-23 13:25:31.696 [info] Discover tests for workspace name: eric - uri: /home/eric/test.py
2024-05-23 13:26:16.112 [info] Discover tests for workspace name: eric - uri: /home/eric/test.py
2024-05-23 13:26:17.303 [info] Discover tests for workspace name: eric - uri: /home/eric/test.py
2024-05-23 13:26:52.431 [info] Discover tests for workspace name: eric - uri: /home/eric/test.py
2024-05-23 13:27:18.598 [info] Discover tests for workspace name: eric - uri: /home/eric/test.py
2024-05-23 13:27:21.888 [info] Discover tests for workspace name: eric - uri: /home/eric/test.py
2024-05-23 13:27:25.004 [info] Discover tests for workspace name: eric - uri: /home/eric/test.py
2024-05-23 13:27:27.795 [info] Discover tests for workspace name: eric - uri: /home/eric/test.py
2024-05-23 13:27:34.754 [info] Discover tests for workspace name: eric - uri: /home/eric/test.py
2024-05-23 13:28:40.819 [info] Discover tests for workspace name: eric - uri: /home/eric/test.py
2024-05-23 13:28:44.706 [info] Discover tests for workspace name: eric - uri: /home/eric/test.py
2024-05-23 13:28:48.750 [info] Discover tests for workspace name: eric - uri: /home/eric/test.py
2024-05-23 13:28:52.479 [info] Discover tests for workspace name: eric - uri: /home/eric/test.py
2024-05-23 13:28:53.910 [info] Discover tests for workspace name: eric - uri: /home/eric/test.py
2024-05-23 13:31:09.784 [info] Discover tests for workspace name: eric - uri: /home/eric/test.py
2024-05-23 13:31:11.697 [info] Discover tests for workspace name: eric - uri: /home/eric/test.py
2024-05-23 13:31:30.083 [info] Discover tests for workspace name: eric - uri: /home/eric/test.py
2024-05-23 13:31:45.211 [info] Discover tests for workspace name: eric - uri: /home/eric/test.py
2024-05-23 13:31:53.114 [info] Discover tests for workspace name: eric - uri: /home/eric/test.py
2024-05-23 13:32:06.194 [info] Discover tests for workspace name: eric - uri: /home/eric/test.py
2024-05-23 13:32:12.503 [info] Discover tests for workspace name: eric - uri: /home/eric/test.py
2024-05-23 13:32:15.075 [info] Discover tests for workspace name: eric - uri: /home/eric/test.py
2024-05-23 13:32:21.388 [info] Discover tests for workspace name: eric - uri: /home/eric/test.py
2024-05-23 13:32:25.795 [info] Discover tests for workspace name: eric - uri: /home/eric/test.py
2024-05-23 13:32:42.095 [info] Discover tests for workspace name: eric - uri: /home/eric/test.py
2024-05-23 13:32:46.911 [info] Discover tests for workspace name: eric - uri: /home/eric/test.py
2024-05-23 13:33:00.225 [info] Discover tests for workspace name: eric - uri: /home/eric/test.py
2024-05-23 13:33:02.956 [info] Discover tests for workspace name: eric - uri: /home/eric/test.py
2024-05-23 13:33:13.825 [info] Discover tests for workspace name: eric - uri: /home/eric/test.py
2024-05-23 13:33:29.010 [info] Discover tests for workspace name: eric - uri: /home/eric/test.py
2024-05-23 13:33:46.990 [info] Discover tests for workspace name: eric - uri: /home/eric/test.py
2024-05-23 13:34:33.542 [info] Discover tests for workspace name: eric - uri: /home/eric/test.py
2024-05-23 13:34:39.780 [info] Discover tests for workspace name: eric - uri: /home/eric/test.py
2024-05-23 13:34:41.604 [info] Discover tests for workspace name: eric - uri: /home/eric/test.py
2024-05-23 13:34:46.175 [info] Discover tests for workspace name: eric - uri: /home/eric/test.py
2024-05-23 13:35:07.104 [info] Discover tests for workspace name: eric - uri: /home/eric/test.py
2024-05-23 13:35:14.537 [info] Discover tests for workspace name: eric - uri: /home/eric/test.py
2024-05-23 13:35:20.150 [info] Discover tests for workspace name: eric - uri: /home/eric/test.py
2024-05-23 13:37:57.983 [info] Discover tests for workspace name: eric - uri: /home/eric/test.py
2024-05-23 13:38:54.330 [info] Discover tests for workspace name: eric - uri: /home/eric/test.py
2024-05-23 13:38:56.766 [info] Discover tests for workspace name: eric - uri: /home/eric/test.py
2024-05-23 13:38:58.793 [info] Discover tests for workspace name: eric - uri: /home/eric/test.py
2024-05-23 13:39:30.272 [info] Discover tests for workspace name: eric - uri: /home/eric/test.py
2024-05-23 13:39:34.431 [info] Discover tests for workspace name: eric - uri: /home/eric/test.py
2024-05-23 13:40:34.367 [info] Discover tests for workspace name: eric - uri: /home/eric/test.py
2024-05-23 13:40:49.529 [info] Discover tests for workspace name: eric - uri: /home/eric/test.py
2024-05-23 13:41:32.062 [info] Discover tests for workspace name: eric - uri: /home/eric/test.py
2024-05-23 13:43:51.525 [info] Discover tests for workspace name: eric - uri: /home/eric/floor_test.py
2024-05-23 13:44:48.131 [info] Discover tests for workspace name: eric - uri: /home/eric/floor_test.py
2024-05-23 13:44:51.921 [info] Discover tests for workspace name: eric - uri: /home/eric/floor_test.py
2024-05-23 13:44:56.164 [info] Discover tests for workspace name: eric - uri: /home/eric/floor_test.py
2024-05-23 13:45:03.990 [info] Discover tests for workspace name: eric - uri: /home/eric/floor_test.py
2024-05-23 13:45:12.908 [info] Discover tests for workspace name: eric - uri: /home/eric/floor_test.py
2024-05-23 13:45:17.116 [info] Discover tests for workspace name: eric - uri: /home/eric/floor_test.py
2024-05-23 13:45:19.631 [info] Discover tests for workspace name: eric - uri: /home/eric/floor_test.py
2024-05-23 13:45:23.087 [info] Discover tests for workspace name: eric - uri: /home/eric/floor_test.py
2024-05-23 13:45:28.010 [info] Discover tests for workspace name: eric - uri: /home/eric/floor_test.py
2024-05-23 13:45:30.071 [info] Discover tests for workspace name: eric - uri: /home/eric/floor_test.py
2024-05-23 13:45:36.514 [info] Discover tests for workspace name: eric - uri: /home/eric/floor_test.py
2024-05-23 13:45:37.920 [info] Discover tests for workspace name: eric - uri: /home/eric/floor_test.py
2024-05-23 13:45:40.048 [info] Discover tests for workspace name: eric - uri: /home/eric/floor_test.py
2024-05-23 13:45:56.291 [info] Discover tests for workspace name: eric - uri: /home/eric/floor_test.py
2024-05-23 13:46:01.707 [info] Discover tests for workspace name: eric - uri: /home/eric/floor_test.py
2024-05-23 13:46:04.707 [info] Discover tests for workspace name: eric - uri: /home/eric/floor_test.py
2024-05-23 13:46:05.892 [info] Discover tests for workspace name: eric - uri: /home/eric/floor_test.py
2024-05-23 13:46:09.506 [info] Discover tests for workspace name: eric - uri: /home/eric/floor_test.py
2024-05-23 13:46:13.679 [info] Discover tests for workspace name: eric - uri: /home/eric/floor_test.py
2024-05-23 13:46:21.083 [info] Discover tests for workspace name: eric - uri: /home/eric/floor_test.py
2024-05-23 13:46:24.222 [info] Discover tests for workspace name: eric - uri: /home/eric/floor_test.py
2024-05-23 13:46:29.871 [info] Discover tests for workspace name: eric - uri: /home/eric/floor_test.py
2024-05-23 13:48:13.613 [info] Discover tests for workspace name: eric - uri: /home/eric/floor_test.py
2024-05-23 13:48:17.469 [info] Discover tests for workspace name: eric - uri: /home/eric/floor_test.py
2024-05-23 13:48:19.629 [info] Discover tests for workspace name: eric - uri: /home/eric/floor_test.py
2024-05-23 13:48:26.300 [info] Discover tests for workspace name: eric - uri: /home/eric/floor_test.py
2024-05-23 13:48:30.383 [info] Discover tests for workspace name: eric - uri: /home/eric/floor_test.py
2024-05-23 13:48:36.983 [info] Discover tests for workspace name: eric - uri: /home/eric/floor_test.py
2024-05-23 13:48:43.407 [info] Discover tests for workspace name: eric - uri: /home/eric/floor_test.py
2024-05-23 13:48:49.219 [info] Discover tests for workspace name: eric - uri: /home/eric/floor_test.py
2024-05-23 13:48:55.289 [info] Discover tests for workspace name: eric - uri: /home/eric/floor_test.py
2024-05-23 13:48:57.113 [info] Discover tests for workspace name: eric - uri: /home/eric/floor_test.py
2024-05-23 13:48:59.884 [info] Discover tests for workspace name: eric - uri: /home/eric/floor_test.py
2024-05-23 13:49:02.846 [info] Discover tests for workspace name: eric - uri: /home/eric/floor_test.py
2024-05-23 13:49:08.214 [info] Discover tests for workspace name: eric - uri: /home/eric/floor_test.py
2024-05-23 13:49:09.304 [info] Discover tests for workspace name: eric - uri: /home/eric/floor_test.py
2024-05-23 13:49:12.285 [info] Discover tests for workspace name: eric - uri: /home/eric/floor_test.py
2024-05-23 13:49:13.813 [info] Discover tests for workspace name: eric - uri: /home/eric/floor_test.py
2024-05-23 13:49:16.996 [info] Discover tests for workspace name: eric - uri: /home/eric/floor_test.py
2024-05-23 13:49:21.157 [info] Discover tests for workspace name: eric - uri: /home/eric/floor_test.py
2024-05-23 13:49:23.815 [info] Discover tests for workspace name: eric - uri: /home/eric/floor_test.py
2024-05-23 13:49:29.267 [info] Discover tests for workspace name: eric - uri: /home/eric/floor_test.py
2024-05-23 13:49:33.630 [info] Discover tests for workspace name: eric - uri: /home/eric/floor_test.py
2024-05-23 13:49:35.831 [info] Discover tests for workspace name: eric - uri: /home/eric/floor_test.py
2024-05-23 13:49:41.400 [info] Discover tests for workspace name: eric - uri: /home/eric/floor_test.py
2024-05-23 13:49:45.610 [info] Discover tests for workspace name: eric - uri: /home/eric/floor_test.py
2024-05-23 13:49:46.925 [info] Discover tests for workspace name: eric - uri: /home/eric/floor_test.py
2024-05-23 13:49:51.835 [info] Discover tests for workspace name: eric - uri: /home/eric/floor_test.py
2024-05-23 13:49:55.953 [info] Discover tests for workspace name: eric - uri: /home/eric/floor_test.py
2024-05-23 13:50:07.889 [info] Discover tests for workspace name: eric - uri: /home/eric/floor_test.py
2024-05-23 13:50:12.686 [info] Discover tests for workspace name: eric - uri: /home/eric/floor_test.py
2024-05-23 13:50:17.840 [info] Discover tests for workspace name: eric - uri: /home/eric/floor_test.py
2024-05-23 13:50:29.844 [info] Discover tests for workspace name: eric - uri: /home/eric/floor_test.py
2024-05-23 13:50:31.999 [info] Discover tests for workspace name: eric - uri: /home/eric/floor_test.py
2024-05-23 13:50:35.120 [info] Discover tests for workspace name: eric - uri: /home/eric/floor_test.py
2024-05-23 13:50:40.387 [info] Discover tests for workspace name: eric - uri: /home/eric/floor_test.py
2024-05-23 13:50:45.177 [info] Discover tests for workspace name: eric - uri: /home/eric/floor_test.py
2024-05-23 13:50:53.175 [info] Discover tests for workspace name: eric - uri: /home/eric/floor_test.py
2024-05-23 13:50:57.163 [info] Discover tests for workspace name: eric - uri: /home/eric/floor_test.py
2024-05-23 13:51:01.063 [info] Discover tests for workspace name: eric - uri: /home/eric/floor_test.py
2024-05-23 13:51:05.581 [info] Discover tests for workspace name: eric - uri: /home/eric/floor_test.py
2024-05-23 13:51:09.800 [info] Discover tests for workspace name: eric - uri: /home/eric/floor_test.py
2024-05-23 13:51:11.324 [info] Discover tests for workspace name: eric - uri: /home/eric/floor_test.py
2024-05-23 13:51:13.934 [info] Discover tests for workspace name: eric - uri: /home/eric/floor_test.py
2024-05-23 13:51:46.033 [info] Discover tests for workspace name: eric - uri: /home/eric/floor_test.py
2024-05-23 13:51:51.750 [info] Discover tests for workspace name: eric - uri: /home/eric/floor_test.py
2024-05-23 13:51:54.975 [info] Discover tests for workspace name: eric - uri: /home/eric/floor_test.py
2024-05-23 13:52:04.516 [info] Discover tests for workspace name: eric - uri: /home/eric/floor_test.py
2024-05-23 13:52:14.840 [info] Discover tests for workspace name: eric - uri: /home/eric/floor_test.py
2024-05-23 14:00:13.592 [info] Discover tests for workspace name: eric - uri: /home/eric/floor_test.py
2024-05-23 14:00:15.211 [info] Discover tests for workspace name: eric - uri: /home/eric/floor_test.py
2024-05-23 14:00:30.361 [info] Discover tests for workspace name: eric - uri: /home/eric/floor_test.py
2024-05-23 14:00:31.970 [info] Discover tests for workspace name: eric - uri: /home/eric/floor_test.py
2024-05-23 14:00:36.692 [info] Discover tests for workspace name: eric - uri: /home/eric/floor_test.py
2024-05-23 14:00:40.321 [info] Discover tests for workspace name: eric - uri: /home/eric/floor_test.py
2024-05-23 14:00:41.911 [info] Discover tests for workspace name: eric - uri: /home/eric/floor_test.py
2024-05-23 14:00:42.970 [info] Discover tests for workspace name: eric - uri: /home/eric/floor_test.py
2024-05-23 14:00:44.479 [info] Discover tests for workspace name: eric - uri: /home/eric/floor_test.py
2024-05-23 14:00:46.845 [info] Discover tests for workspace name: eric - uri: /home/eric/floor_test.py
2024-05-23 14:00:49.762 [info] Discover tests for workspace name: eric - uri: /home/eric/floor_test.py
2024-05-23 14:01:39.602 [info] Discover tests for workspace name: eric - uri: /home/eric/floor_test.py
2024-05-23 14:01:45.830 [info] Discover tests for workspace name: eric - uri: /home/eric/floor_test.py
2024-05-23 14:04:37.615 [info] Discover tests for workspace name: eric - uri: /home/eric/floor_test.py
2024-05-23 14:04:46.769 [info] Discover tests for workspace name: eric - uri: /home/eric/floor_test.py
2024-05-23 14:04:52.133 [info] Discover tests for workspace name: eric - uri: /home/eric/floor_test.py
2024-05-23 14:04:54.100 [info] Discover tests for workspace name: eric - uri: /home/eric/floor_test.py
2024-05-23 14:04:59.632 [info] Discover tests for workspace name: eric - uri: /home/eric/floor_test.py
2024-05-23 14:05:02.328 [info] Discover tests for workspace name: eric - uri: /home/eric/floor_test.py
2024-05-23 14:05:25.271 [info] Discover tests for workspace name: eric - uri: /home/eric/floor_test.py
2024-05-23 14:05:30.814 [info] Discover tests for workspace name: eric - uri: /home/eric/floor_test.py
2024-05-23 14:05:32.053 [info] Discover tests for workspace name: eric - uri: /home/eric/floor_test.py
2024-05-23 14:05:34.142 [info] Discover tests for workspace name: eric - uri: /home/eric/floor_test.py
2024-05-23 14:05:35.316 [info] Discover tests for workspace name: eric - uri: /home/eric/floor_test.py
2024-05-23 14:05:37.295 [info] Discover tests for workspace name: eric - uri: /home/eric/floor_test.py
2024-05-23 14:05:44.965 [info] Discover tests for workspace name: eric - uri: /home/eric/floor_test.py
2024-05-23 14:05:48.197 [info] Discover tests for workspace name: eric - uri: /home/eric/floor_test.py
2024-05-23 14:05:49.869 [info] Discover tests for workspace name: eric - uri: /home/eric/floor_test.py
2024-05-23 14:06:31.143 [info] Discover tests for workspace name: eric - uri: /home/eric/floor_test.py
2024-05-23 14:06:41.626 [info] Discover tests for workspace name: eric - uri: /home/eric/floor_test.py
2024-05-23 14:07:02.217 [info] Discover tests for workspace name: eric - uri: /home/eric/floor_test.py
2024-05-23 14:07:04.235 [info] Discover tests for workspace name: eric - uri: /home/eric/floor_test.py
2024-05-23 14:07:12.366 [info] Discover tests for workspace name: eric - uri: /home/eric/floor_test.py
2024-05-23 14:07:32.084 [info] Discover tests for workspace name: eric - uri: /home/eric/floor_test.py
2024-05-23 14:07:35.155 [info] Discover tests for workspace name: eric - uri: /home/eric/floor_test.py
2024-05-23 14:07:39.790 [info] Discover tests for workspace name: eric - uri: /home/eric/floor_test.py
2024-05-23 14:07:43.613 [info] Discover tests for workspace name: eric - uri: /home/eric/floor_test.py
2024-05-23 14:07:48.706 [info] Discover tests for workspace name: eric - uri: /home/eric/floor_test.py
2024-05-23 14:07:54.304 [info] Discover tests for workspace name: eric - uri: /home/eric/floor_test.py
2024-05-23 14:07:57.792 [info] Discover tests for workspace name: eric - uri: /home/eric/floor_test.py
2024-05-23 14:07:59.947 [info] Discover tests for workspace name: eric - uri: /home/eric/floor_test.py
2024-05-23 14:08:45.889 [info] Discover tests for workspace name: eric - uri: /home/eric/floor_test.py
2024-05-23 14:10:43.453 [info] Discover tests for workspace name: eric - uri: /home/eric/floor_test.py
2024-05-23 14:10:45.956 [info] Discover tests for workspace name: eric - uri: /home/eric/floor_test.py
2024-05-23 14:10:49.895 [info] Discover tests for workspace name: eric - uri: /home/eric/floor_test.py
2024-05-23 14:10:55.975 [info] Discover tests for workspace name: eric - uri: /home/eric/floor_test.py
2024-05-23 14:10:59.764 [info] Discover tests for workspace name: eric - uri: /home/eric/floor_test.py
2024-05-23 14:11:29.925 [info] Discover tests for workspace name: eric - uri: /home/eric/floor_test.py
2024-05-23 14:11:31.714 [info] Discover tests for workspace name: eric - uri: /home/eric/floor_test.py
2024-05-23 14:11:46.973 [info] Discover tests for workspace name: eric - uri: /home/eric/floor_test.py
2024-05-23 14:11:53.611 [info] Discover tests for workspace name: eric - uri: /home/eric/floor_test.py
2024-05-23 14:11:58.903 [info] Discover tests for workspace name: eric - uri: /home/eric/floor_test.py
2024-05-23 14:13:04.458 [info] Discover tests for workspace name: eric - uri: /home/eric/floor_test.py
2024-05-23 14:13:08.219 [info] Discover tests for workspace name: eric - uri: /home/eric/floor_test.py
2024-05-23 14:13:10.155 [info] Discover tests for workspace name: eric - uri: /home/eric/floor_test.py
2024-05-23 14:13:27.180 [info] Discover tests for workspace name: eric - uri: /home/eric/floor_test.py
2024-05-23 14:13:32.849 [info] Discover tests for workspace name: eric - uri: /home/eric/floor_test.py
2024-05-23 14:13:34.866 [info] Discover tests for workspace name: eric - uri: /home/eric/floor_test.py
2024-05-23 14:13:52.178 [info] Discover tests for workspace name: eric - uri: /home/eric/floor_test.py
2024-05-23 14:13:54.450 [info] Discover tests for workspace name: eric - uri: /home/eric/floor_test.py
2024-05-23 14:14:04.298 [info] Discover tests for workspace name: eric - uri: /home/eric/floor_test.py
2024-05-23 14:14:12.043 [info] Discover tests for workspace name: eric - uri: /home/eric/floor_test.py
2024-05-23 14:14:18.990 [info] Discover tests for workspace name: eric - uri: /home/eric/floor_test.py
2024-05-23 14:14:25.572 [info] Discover tests for workspace name: eric - uri: /home/eric/floor_test.py
2024-05-23 14:14:34.077 [info] Discover tests for workspace name: eric - uri: /home/eric/floor_test.py
2024-05-23 14:17:49.662 [info] Discover tests for workspace name: eric - uri: /home/eric/floor_test.py
2024-05-23 14:17:52.395 [info] Discover tests for workspace name: eric - uri: /home/eric/floor_test.py
2024-05-23 14:17:55.662 [info] Discover tests for workspace name: eric - uri: /home/eric/floor_test.py
2024-05-23 14:18:26.857 [info] Discover tests for workspace name: eric - uri: /home/eric/floor_test.py
2024-05-23 14:18:30.620 [info] Discover tests for workspace name: eric - uri: /home/eric/floor_test.py
2024-05-23 14:18:34.783 [info] Discover tests for workspace name: eric - uri: /home/eric/floor_test.py
2024-05-23 14:18:36.290 [info] Discover tests for workspace name: eric - uri: /home/eric/floor_test.py
2024-05-23 14:18:38.373 [info] Discover tests for workspace name: eric - uri: /home/eric/floor_test.py
2024-05-23 14:18:40.414 [info] Discover tests for workspace name: eric - uri: /home/eric/floor_test.py
2024-05-23 14:18:42.561 [info] Discover tests for workspace name: eric - uri: /home/eric/floor_test.py
2024-05-23 14:18:43.692 [info] Discover tests for workspace name: eric - uri: /home/eric/floor_test.py
2024-05-23 14:18:49.394 [info] Discover tests for workspace name: eric - uri: /home/eric/floor_test.py
2024-05-23 14:19:02.990 [info] Discover tests for workspace name: eric - uri: /home/eric/floor_test.py
2024-05-23 14:19:06.254 [info] Discover tests for workspace name: eric - uri: /home/eric/floor_test.py
2024-05-23 14:19:11.423 [info] Discover tests for workspace name: eric - uri: /home/eric/floor_test.py
2024-05-23 14:19:13.532 [info] Discover tests for workspace name: eric - uri: /home/eric/floor_test.py
2024-05-23 14:19:19.329 [info] Discover tests for workspace name: eric - uri: /home/eric/floor_test.py
2024-05-23 14:19:37.500 [info] Discover tests for workspace name: eric - uri: /home/eric/floor_test.py
2024-05-23 14:19:42.328 [info] Discover tests for workspace name: eric - uri: /home/eric/floor_test.py
2024-05-23 14:19:43.829 [info] Discover tests for workspace name: eric - uri: /home/eric/floor_test.py
2024-05-23 14:19:45.492 [info] Discover tests for workspace name: eric - uri: /home/eric/floor_test.py
2024-05-23 14:19:48.108 [info] Discover tests for workspace name: eric - uri: /home/eric/floor_test.py
2024-05-23 14:20:05.865 [info] Discover tests for workspace name: eric - uri: /home/eric/floor_test.py
2024-05-23 14:20:08.422 [info] Discover tests for workspace name: eric - uri: /home/eric/floor_test.py
2024-05-23 14:20:14.732 [info] Discover tests for workspace name: eric - uri: /home/eric/floor_test.py
2024-05-23 14:23:36.256 [info] Discover tests for workspace name: eric - uri: /home/eric/country_dist_cal.py
2024-05-23 14:23:41.283 [info] Discover tests for workspace name: eric - uri: /home/eric/country_dist_cal.py
2024-05-23 14:23:54.028 [info] Discover tests for workspace name: eric - uri: /home/eric/country_dist_cal.py
2024-05-23 14:24:02.084 [info] Discover tests for workspace name: eric - uri: /home/eric/country_dist_cal.py
2024-05-23 14:29:30.044 [info] Discover tests for workspace name: eric - uri: /home/eric/country_dist_cal.py
2024-05-23 14:29:31.519 [info] Discover tests for workspace name: eric - uri: /home/eric/country_dist_cal.py
2024-05-23 14:29:36.800 [info] Discover tests for workspace name: eric - uri: /home/eric/country_dist_cal.py
2024-05-23 14:33:02.738 [info] Discover tests for workspace name: eric - uri: /home/eric/floor_test.py
2024-05-23 14:35:10.060 [info] Discover tests for workspace name: eric - uri: /home/eric/floor_test.py
2024-05-23 14:39:00.212 [info] Discover tests for workspace name: eric - uri: /home/eric/floor_test.py
2024-05-23 14:39:02.379 [info] Discover tests for workspace name: eric - uri: /home/eric/floor_test.py
2024-05-23 14:39:08.758 [info] Discover tests for workspace name: eric - uri: /home/eric/floor_test.py
2024-05-23 14:39:10.726 [info] Discover tests for workspace name: eric - uri: /home/eric/floor_test.py
2024-05-23 14:40:02.715 [info] Discover tests for workspace name: eric - uri: /home/eric/floor_test.py
2024-05-23 14:40:17.040 [info] Discover tests for workspace name: eric - uri: /home/eric/floor_test.py
2024-05-23 14:46:32.777 [info] Discover tests for workspace name: eric - uri: /home/eric/floor_test.py
2024-05-23 14:46:35.009 [info] Discover tests for workspace name: eric - uri: /home/eric/floor_test.py
2024-05-23 14:47:08.482 [info] Discover tests for workspace name: eric - uri: /home/eric/floor_test.py
2024-05-23 14:47:10.043 [info] Discover tests for workspace name: eric - uri: /home/eric/floor_test.py
2024-05-23 14:47:16.167 [info] Discover tests for workspace name: eric - uri: /home/eric/floor_test.py
2024-05-23 14:48:09.308 [info] Discover tests for workspace name: eric - uri: /home/eric/floor_test.py
2024-05-23 14:48:13.064 [info] Discover tests for workspace name: eric - uri: /home/eric/floor_test.py
2024-05-23 14:48:15.654 [info] Discover tests for workspace name: eric - uri: /home/eric/floor_test.py
2024-05-23 14:48:18.895 [info] Discover tests for workspace name: eric - uri: /home/eric/floor_test.py
2024-05-23 14:49:04.737 [info] Discover tests for workspace name: eric - uri: /home/eric/floor_test.py
2024-05-23 14:49:09.467 [info] Discover tests for workspace name: eric - uri: /home/eric/floor_test.py
2024-05-23 14:49:13.287 [info] Discover tests for workspace name: eric - uri: /home/eric/floor_test.py
2024-05-23 14:49:16.394 [info] Discover tests for workspace name: eric - uri: /home/eric/floor_test.py
2024-05-23 14:49:26.162 [info] Discover tests for workspace name: eric - uri: /home/eric/floor_test.py
2024-05-23 14:51:45.124 [info] Discover tests for workspace name: eric - uri: /home/eric/floor_test.py
2024-05-23 14:51:51.094 [info] Discover tests for workspace name: eric - uri: /home/eric/floor_test.py
2024-05-23 14:51:53.558 [info] Discover tests for workspace name: eric - uri: /home/eric/floor_test.py
2024-05-23 14:51:54.621 [info] Discover tests for workspace name: eric - uri: /home/eric/floor_test.py
2024-05-23 14:51:57.791 [info] Discover tests for workspace name: eric - uri: /home/eric/floor_test.py
2024-05-23 14:51:59.878 [info] Discover tests for workspace name: eric - uri: /home/eric/floor_test.py
2024-05-23 14:52:51.818 [info] Discover tests for workspace name: eric - uri: /home/eric/floor_test.py
2024-05-23 14:53:14.328 [info] Discover tests for workspace name: eric - uri: /home/eric/floor_test.py
2024-05-23 14:53:19.290 [info] Discover tests for workspace name: eric - uri: /home/eric/floor_test.py
2024-05-23 14:54:40.027 [info] Discover tests for workspace name: eric - uri: /home/eric/floor_test.py
2024-05-23 14:54:42.953 [info] Discover tests for workspace name: eric - uri: /home/eric/floor_test.py
2024-05-23 14:54:44.982 [info] Discover tests for workspace name: eric - uri: /home/eric/floor_test.py
2024-05-23 14:54:55.006 [info] Discover tests for workspace name: eric - uri: /home/eric/floor_test.py
2024-05-23 14:55:03.447 [info] Discover tests for workspace name: eric - uri: /home/eric/floor_test.py
2024-05-23 14:55:31.154 [info] Discover tests for workspace name: eric - uri: /home/eric/floor_test.py
2024-05-23 14:55:35.034 [info] Discover tests for workspace name: eric - uri: /home/eric/floor_test.py
2024-05-23 14:55:36.463 [info] Discover tests for workspace name: eric - uri: /home/eric/floor_test.py
2024-05-23 14:55:38.677 [info] Discover tests for workspace name: eric - uri: /home/eric/floor_test.py
2024-05-23 14:55:43.233 [info] Discover tests for workspace name: eric - uri: /home/eric/floor_test.py
2024-05-23 14:55:46.929 [info] Discover tests for workspace name: eric - uri: /home/eric/floor_test.py
2024-05-23 14:55:49.614 [info] Discover tests for workspace name: eric - uri: /home/eric/floor_test.py
2024-05-23 14:56:12.591 [info] Discover tests for workspace name: eric - uri: /home/eric/floor_test.py
2024-05-23 14:56:17.242 [info] Discover tests for workspace name: eric - uri: /home/eric/floor_test.py
2024-05-23 14:56:23.514 [info] Discover tests for workspace name: eric - uri: /home/eric/floor_test.py
2024-05-23 14:56:29.928 [info] Discover tests for workspace name: eric - uri: /home/eric/floor_test.py
2024-05-23 14:56:32.479 [info] Discover tests for workspace name: eric - uri: /home/eric/floor_test.py
2024-05-23 14:57:36.676 [info] Discover tests for workspace name: eric - uri: /home/eric/floor_test.py
2024-05-23 14:57:38.071 [info] Discover tests for workspace name: eric - uri: /home/eric/floor_test.py
2024-05-23 14:57:40.158 [info] Discover tests for workspace name: eric - uri: /home/eric/floor_test.py
2024-05-23 14:58:04.824 [info] Discover tests for workspace name: eric - uri: /home/eric/floor_test.py
2024-05-23 14:58:06.479 [info] Discover tests for workspace name: eric - uri: /home/eric/floor_test.py
2024-05-23 14:58:07.611 [info] Discover tests for workspace name: eric - uri: /home/eric/floor_test.py
2024-05-23 15:30:40.627 [info] Discover tests for workspace name: eric - uri: /home/eric/floor_test.py
2024-05-23 15:31:40.886 [info] Discover tests for workspace name: eric - uri: /home/eric/floor_test.py
2024-05-23 15:32:02.525 [info] Discover tests for workspace name: eric - uri: /home/eric/floor_test.py
2024-05-23 15:50:16.028 [info] Discover tests for workspace name: eric - uri: /home/eric/floor_test.py
2024-05-23 15:50:57.526 [info] Discover tests for workspace name: eric - uri: /home/eric/floor_test.py
2024-05-23 15:51:04.640 [info] Discover tests for workspace name: eric - uri: /home/eric/floor_test.py
2024-05-23 15:51:07.094 [info] Discover tests for workspace name: eric - uri: /home/eric/floor_test.py
2024-05-23 15:51:13.701 [info] Discover tests for workspace name: eric - uri: /home/eric/floor_test.py
2024-05-23 15:51:17.361 [info] Discover tests for workspace name: eric - uri: /home/eric/floor_test.py
2024-05-23 15:51:31.326 [info] Discover tests for workspace name: eric - uri: /home/eric/floor_test.py
2024-05-23 15:55:20.519 [info] Discover tests for workspace name: eric - uri: /home/eric/floor_test.py
2024-05-23 15:57:08.860 [info] Discover tests for workspace name: eric - uri: /home/eric/floor_test.py
2024-05-23 15:58:43.155 [info] Discover tests for workspace name: eric - uri: /home/eric/floor_test.py
2024-05-23 15:58:45.952 [info] Discover tests for workspace name: eric - uri: /home/eric/floor_test.py
2024-05-23 15:58:47.272 [info] Discover tests for workspace name: eric - uri: /home/eric/floor_test.py
2024-05-23 15:58:51.211 [info] Discover tests for workspace name: eric - uri: /home/eric/floor_test.py
2024-05-23 16:00:54.168 [info] Discover tests for workspace name: eric - uri: /home/eric/floor_test.py
2024-05-23 16:00:56.555 [info] Discover tests for workspace name: eric - uri: /home/eric/floor_test.py
2024-05-23 16:01:03.242 [info] Discover tests for workspace name: eric - uri: /home/eric/floor_test.py
2024-05-23 16:02:24.977 [info] Discover tests for workspace name: eric - uri: /home/eric/floor_test.py
2024-05-23 16:02:27.249 [info] Discover tests for workspace name: eric - uri: /home/eric/floor_test.py
2024-05-23 16:04:52.492 [info] Discover tests for workspace name: eric - uri: /home/eric/floor_test.py
2024-05-23 16:04:58.587 [info] Discover tests for workspace name: eric - uri: /home/eric/floor_test.py
2024-05-23 16:05:00.106 [info] Discover tests for workspace name: eric - uri: /home/eric/floor_test.py
2024-05-23 16:05:28.632 [info] Discover tests for workspace name: eric - uri: /home/eric/floor_test.py
2024-05-23 16:05:31.248 [info] Discover tests for workspace name: eric - uri: /home/eric/floor_test.py
2024-05-23 16:05:35.370 [info] Discover tests for workspace name: eric - uri: /home/eric/floor_test.py
2024-05-23 16:05:38.395 [info] Discover tests for workspace name: eric - uri: /home/eric/floor_test.py
2024-05-23 16:07:20.663 [info] Discover tests for workspace name: eric - uri: /home/eric/floor_test.py
2024-05-23 16:08:00.201 [info] Discover tests for workspace name: eric - uri: /home/eric/floor_test.py
2024-05-23 16:08:14.821 [info] Discover tests for workspace name: eric - uri: /home/eric/floor_test.py
2024-05-23 16:08:20.559 [info] Discover tests for workspace name: eric - uri: /home/eric/floor_test.py
2024-05-23 16:08:22.197 [info] Discover tests for workspace name: eric - uri: /home/eric/floor_test.py
2024-05-23 16:08:23.568 [info] Discover tests for workspace name: eric - uri: /home/eric/floor_test.py
2024-05-23 16:08:40.077 [info] Discover tests for workspace name: eric - uri: /home/eric/floor_test.py
2024-05-23 16:08:51.850 [info] Discover tests for workspace name: eric - uri: /home/eric/floor_test.py
2024-05-23 16:10:07.106 [info] Discover tests for workspace name: eric - uri: /home/eric/floor_test.py
2024-05-23 16:10:08.081 [info] Discover tests for workspace name: eric - uri: /home/eric/floor_test.py
2024-05-23 16:13:35.074 [info] Discover tests for workspace name: eric - uri: /home/eric/floor_test.py
2024-05-23 16:13:36.568 [info] Discover tests for workspace name: eric - uri: /home/eric/floor_test.py
2024-05-23 16:13:38.743 [info] Discover tests for workspace name: eric - uri: /home/eric/floor_test.py
2024-05-23 16:13:42.334 [info] Discover tests for workspace name: eric - uri: /home/eric/floor_test.py
2024-05-23 16:13:46.590 [info] Discover tests for workspace name: eric - uri: /home/eric/floor_test.py
2024-05-23 16:13:47.793 [info] Discover tests for workspace name: eric - uri: /home/eric/floor_test.py
2024-05-23 16:17:13.950 [info] Discover tests for workspace name: eric - uri: /home/eric/floor_test.py
2024-05-23 16:17:37.308 [info] Discover tests for workspace name: eric - uri: /home/eric/floor_test.py
2024-05-23 16:18:11.578 [info] Discover tests for workspace name: eric - uri: /home/eric/floor_test.py
2024-05-23 16:18:13.510 [info] Discover tests for workspace name: eric - uri: /home/eric/floor_test.py
2024-05-23 16:18:32.289 [info] Discover tests for workspace name: eric - uri: /home/eric/floor_test.py
2024-05-23 16:18:34.708 [info] Discover tests for workspace name: eric - uri: /home/eric/floor_test.py
2024-05-23 16:18:41.566 [info] Discover tests for workspace name: eric - uri: /home/eric/floor_test.py
2024-05-23 16:18:43.373 [info] Discover tests for workspace name: eric - uri: /home/eric/floor_test.py
2024-05-23 16:19:11.726 [info] Discover tests for workspace name: eric - uri: /home/eric/floor_test.py
2024-05-23 16:19:52.492 [info] Discover tests for workspace name: eric - uri: /home/eric/floor_test.py
2024-05-23 16:20:01.144 [info] Discover tests for workspace name: eric - uri: /home/eric/floor_test.py
2024-05-23 16:20:04.695 [info] Discover tests for workspace name: eric - uri: /home/eric/floor_test.py
2024-05-23 16:20:06.746 [info] Discover tests for workspace name: eric - uri: /home/eric/floor_test.py
2024-05-23 16:20:13.495 [info] Discover tests for workspace name: eric - uri: /home/eric/floor_test.py
2024-05-23 16:20:15.335 [info] Discover tests for workspace name: eric - uri: /home/eric/floor_test.py
2024-05-23 16:20:20.566 [info] Discover tests for workspace name: eric - uri: /home/eric/floor_test.py
2024-05-23 16:20:23.632 [info] Discover tests for workspace name: eric - uri: /home/eric/floor_test.py
2024-05-23 16:20:27.834 [info] Discover tests for workspace name: eric - uri: /home/eric/floor_test.py
2024-05-23 16:25:26.619 [info] Discover tests for workspace name: eric - uri: /home/eric/floor_test.py
2024-05-23 16:25:40.249 [info] Discover tests for workspace name: eric - uri: /home/eric/floor_test.py
2024-05-23 16:25:51.307 [info] Discover tests for workspace name: eric - uri: /home/eric/floor_test.py
2024-05-23 16:25:55.496 [info] Discover tests for workspace name: eric - uri: /home/eric/floor_test.py
2024-05-23 16:26:14.225 [info] Discover tests for workspace name: eric - uri: /home/eric/floor_test.py
2024-05-23 16:26:33.332 [info] Discover tests for workspace name: eric - uri: /home/eric/floor_test.py
2024-05-23 16:26:41.010 [info] Discover tests for workspace name: eric - uri: /home/eric/floor_test.py
2024-05-23 16:26:50.999 [info] Discover tests for workspace name: eric - uri: /home/eric/floor_test.py
2024-05-23 16:29:04.562 [info] Discover tests for workspace name: eric - uri: /home/eric/floor_test.py
2024-05-23 16:29:08.626 [info] Discover tests for workspace name: eric - uri: /home/eric/floor_test.py
2024-05-23 16:30:05.043 [info] Discover tests for workspace name: eric - uri: /home/eric/floor_test.py
2024-05-23 16:30:11.978 [info] Discover tests for workspace name: eric - uri: /home/eric/floor_test.py
2024-05-23 16:31:36.731 [info] Discover tests for workspace name: eric - uri: /home/eric/floor_test.py
2024-05-23 16:32:17.749 [info] Discover tests for workspace name: eric - uri: /home/eric/floor_test.py
2024-05-23 16:32:20.745 [info] Discover tests for workspace name: eric - uri: /home/eric/floor_test.py
