2024-05-16 20:08:34.662 [info] Log level: Info
2024-05-16 20:08:34.662 [info] Validating found git in: "git"
2024-05-16 20:08:34.662 [info] Using git "2.34.1" from "git"
2024-05-16 20:08:34.662 [info] > git rev-parse --show-toplevel [0ms]
2024-05-16 20:08:34.662 [info] fatal: not a git repository (or any of the parent directories): .git
2024-05-16 20:08:34.662 [info] > git rev-parse --show-toplevel [0ms]
2024-05-16 20:08:34.662 [info] fatal: not a git repository (or any of the parent directories): .git
2024-05-16 20:08:34.662 [info] > git rev-parse --show-toplevel [0ms]
2024-05-16 20:08:34.662 [info] fatal: not a git repository (or any of the parent directories): .git
2024-05-16 20:08:34.662 [info] > git rev-parse --show-toplevel [1ms]
2024-05-16 20:08:34.662 [info] fatal: not a git repository (or any of the parent directories): .git
2024-05-16 20:08:34.662 [info] > git rev-parse --show-toplevel [1ms]
2024-05-16 20:08:34.662 [info] fatal: not a git repository (or any of the parent directories): .git
2024-05-16 20:08:34.662 [info] > git rev-parse --show-toplevel [0ms]
2024-05-16 20:08:34.662 [info] fatal: not a git repository (or any of the parent directories): .git
2024-05-16 20:08:34.662 [info] > git rev-parse --show-toplevel [0ms]
2024-05-16 20:08:34.662 [info] fatal: not a git repository (or any of the parent directories): .git
2024-05-16 20:08:36.812 [info] > git rev-parse --show-toplevel [0ms]
2024-05-16 20:08:36.812 [info] fatal: not a git repository (or any of the parent directories): .git
2024-05-16 20:09:52.665 [warning] Failed to get repository realpath for: "/home/eric/.vscode-server/extensions/.8e143ec9-e469-4039-a092-236cdf198526/". Error: ENOENT: no such file or directory, realpath '/home/eric/.vscode-server/extensions/.8e143ec9-e469-4039-a092-236cdf198526/'
2024-05-16 20:09:53.358 [info] > git rev-parse --show-toplevel [6ms]
2024-05-16 20:09:53.358 [info] fatal: not a git repository (or any of the parent directories): .git
2024-05-16 20:09:53.361 [info] > git rev-parse --show-toplevel [0ms]
2024-05-16 20:09:53.361 [info] fatal: not a git repository (or any of the parent directories): .git
2024-05-16 20:10:01.605 [info] > git rev-parse --show-toplevel [1ms]
2024-05-16 20:10:01.605 [info] fatal: not a git repository (or any of the parent directories): .git
2024-05-16 20:22:13.856 [info] > git rev-parse --show-toplevel [1ms]
2024-05-16 20:22:13.856 [info] fatal: not a git repository (or any of the parent directories): .git
2024-05-16 20:22:15.055 [info] > git rev-parse --show-toplevel [1ms]
2024-05-16 20:22:15.055 [info] fatal: not a git repository (or any of the parent directories): .git
2024-05-16 20:31:36.399 [info] > git rev-parse --show-toplevel [1ms]
2024-05-16 20:31:36.399 [info] fatal: not a git repository (or any of the parent directories): .git
2024-05-16 20:35:36.129 [info] > git rev-parse --show-toplevel [0ms]
2024-05-16 20:35:36.129 [info] fatal: not a git repository (or any of the parent directories): .git
2024-05-16 20:40:50.701 [info] > git rev-parse --show-toplevel [15ms]
2024-05-16 20:40:50.701 [info] fatal: not a git repository (or any of the parent directories): .git
2024-05-16 20:40:50.706 [info] > git rev-parse --show-toplevel [0ms]
2024-05-16 20:40:50.706 [info] fatal: not a git repository (or any of the parent directories): .git
2024-05-16 20:40:50.710 [info] > git rev-parse --show-toplevel [1ms]
2024-05-16 20:40:50.710 [info] fatal: not a git repository (or any of the parent directories): .git
2024-05-16 20:40:50.714 [info] > git rev-parse --show-toplevel [1ms]
2024-05-16 20:40:50.714 [info] fatal: not a git repository (or any of the parent directories): .git
2024-05-16 20:40:50.723 [info] > git rev-parse --show-toplevel [5ms]
2024-05-16 20:40:50.723 [info] fatal: not a git repository (or any of the parent directories): .git
2024-05-16 20:43:19.575 [info] > git rev-parse --show-toplevel [2ms]
2024-05-16 20:43:19.575 [info] fatal: not a git repository (or any of the parent directories): .git
