0 verbose cli [ '/usr/bin/node', '/usr/bin/npm', 'install', 'geopandas' ]
1 info using npm@8.5.1
2 info using node@v12.22.9
3 timing npm:load:whichnode Completed in 0ms
4 timing config:load:defaults Completed in 0ms
5 timing config:load:file:/usr/share/nodejs/npm/npmrc Completed in 1ms
6 timing config:load:builtin Completed in 2ms
7 timing config:load:cli Completed in 0ms
8 timing config:load:env Completed in 1ms
9 timing config:load:project Completed in 0ms
10 timing config:load:file:/home/eric/.npmrc Completed in 0ms
11 timing config:load:user Completed in 0ms
12 timing config:load:file:/etc/npmrc Completed in 0ms
13 timing config:load:global Completed in 0ms
14 timing config:load:validate Completed in 0ms
15 timing config:load:credentials Completed in 0ms
16 timing config:load:setEnvs Completed in 1ms
17 timing config:load Completed in 5ms
18 timing npm:load:configload Completed in 5ms
19 timing npm:load:setTitle Completed in 0ms
20 timing config:load:flatten Completed in 1ms
21 timing npm:load:display Completed in 1ms
22 verbose logfile /home/eric/.npm/_logs/2024-05-23T13_11_59_010Z-debug-0.log
23 timing npm:load:logFile Completed in 2ms
24 timing npm:load:timers Completed in 0ms
25 timing npm:load:configScope Completed in 0ms
26 timing npm:load Completed in 8ms
27 timing arborist:ctor Completed in 1ms
28 timing arborist:ctor Completed in 0ms
29 timing idealTree:init Completed in 4ms
30 timing idealTree:userRequests Completed in 1ms
31 silly idealTree buildDeps
32 silly fetch manifest geopandas@*
33 http fetch GET 404 https://registry.npmjs.org/geopandas 131ms (cache skip)
34 http fetch GET 404 https://registry.npmjs.org/geopandas 199ms (cache skip)
35 silly placeDep ROOT geopandas@ OK for:  want: *
36 timing idealTree:#root Completed in 339ms
37 timing idealTree:node_modules/geopandas Completed in 0ms
38 timing idealTree:buildDeps Completed in 340ms
39 timing idealTree:fixDepFlags Completed in 0ms
40 timing idealTree Completed in 345ms
41 timing command:install Completed in 352ms
42 verbose stack HttpErrorGeneral: 404 Not Found - GET https://registry.npmjs.org/geopandas - Not found
42 verbose stack     at /usr/share/nodejs/npm/node_modules/npm-registry-fetch/lib/check-response.js:103:15
42 verbose stack     at processTicksAndRejections (internal/process/task_queues.js:97:5)
42 verbose stack     at async Arborist.[nodeFromEdge] (/usr/share/nodejs/@npmcli/arborist/lib/arborist/build-ideal-tree.js:1082:19)
42 verbose stack     at async Arborist.[buildDepStep] (/usr/share/nodejs/@npmcli/arborist/lib/arborist/build-ideal-tree.js:951:11)
42 verbose stack     at async Arborist.buildIdealTree (/usr/share/nodejs/@npmcli/arborist/lib/arborist/build-ideal-tree.js:215:7)
42 verbose stack     at async Promise.all (index 1)
42 verbose stack     at async Arborist.reify (/usr/share/nodejs/@npmcli/arborist/lib/arborist/reify.js:152:5)
42 verbose stack     at async Install.exec (/usr/share/nodejs/npm/lib/commands/install.js:157:5)
42 verbose stack     at async module.exports (/usr/share/nodejs/npm/lib/cli.js:66:5)
43 verbose statusCode 404
44 verbose pkgid geopandas@*
45 verbose cwd /home/eric
46 verbose Linux 5.15.0-105-generic
47 verbose argv "/usr/bin/node" "/usr/bin/npm" "install" "geopandas"
48 verbose node v12.22.9
49 verbose npm  v8.5.1
50 error code E404
51 error 404 Not Found - GET https://registry.npmjs.org/geopandas - Not found
52 error 404
53 error 404  'geopandas@*' is not in this registry.
54 error 404 You should bug the author to publish it (or use the name yourself!)
55 error 404
55 error 404 Note that you can also install from a
56 error 404 tarball, folder, http url, or git url.
57 verbose exit 1
58 timing npm Completed in 519ms
59 verbose unfinished npm timer reify 1716469919174
60 verbose unfinished npm timer reify:loadTrees 1716469919180
61 verbose code 1
62 error A complete log of this run can be found in:
62 error     /home/eric/.npm/_logs/2024-05-23T13_11_59_010Z-debug-0.log
