2024-05-23 12:52:09.317 [info] Extension host with pid 4007608 started
2024-05-23 12:52:09.333 [info] Lock '/home/eric/.vscode-server/data/User/workspaceStorage/a31c5cdf813beebb8586e0c5a6fd6a9a/vscode.lock': Lock acquired.
2024-05-23 12:52:09.484 [info] ExtensionService#_doActivateExtension vscode.emmet, startup: false, activationEvent: 'onLanguage'
2024-05-23 12:52:09.485 [info] ExtensionService#_doActivateExtension ms-python.python, startup: false, activationEvent: 'onLanguage:python', root cause: ms-python.debugpy
2024-05-23 12:52:09.671 [info] ExtensionService#_doActivateExtension ms-python.debugpy, startup: false, activationEvent: 'onLanguage:python'
2024-05-23 12:52:09.671 [info] ExtensionService#_doActivateExtension ms-python.vscode-pylance, startup: false, activationEvent: 'onLanguage:python'
2024-05-23 12:52:09.893 [info] ExtensionService#_doActivateExtension vscode.git-base, startup: true, activationEvent: '*', root cause: vscode.git
2024-05-23 12:52:09.920 [info] ExtensionService#_doActivateExtension vscode.git, startup: true, activationEvent: '*'
2024-05-23 12:52:09.920 [info] ExtensionService#_doActivateExtension vscode.github, startup: true, activationEvent: '*'
2024-05-23 12:52:09.999 [info] Eager extensions activated
2024-05-23 12:52:09.999 [info] ExtensionService#_doActivateExtension vscode.debug-auto-launch, startup: false, activationEvent: 'onStartupFinished'
2024-05-23 12:52:09.999 [info] ExtensionService#_doActivateExtension vscode.merge-conflict, startup: false, activationEvent: 'onStartupFinished'
2024-05-23 12:57:28.736 [info] ExtensionService#_doActivateExtension vscode.npm, startup: false, activationEvent: 'onTerminalQuickFixRequest:ms-vscode.npm-command'
2024-05-23 15:45:26.360 [info] ExtensionService#_doActivateExtension vscode.extension-editing, startup: false, activationEvent: 'onLanguage:markdown'
2024-05-23 15:45:26.369 [info] ExtensionService#_doActivateExtension vscode.markdown-language-features, startup: false, activationEvent: 'onLanguage:markdown'
2024-05-23 15:45:26.557 [info] ExtensionService#_doActivateExtension vscode.markdown-math, startup: false, activationEvent: 'api', root cause: vscode.markdown-language-features
2024-05-23 16:03:19.901 [info] ExtensionService#_doActivateExtension vscode.json-language-features, startup: false, activationEvent: 'onLanguage:json'
2024-05-23 23:19:25.982 [info] Extension host terminating: renderer disconnected for too long (1)
2024-05-23 23:19:25.993 [info] Lock '/home/eric/.vscode-server/data/User/workspaceStorage/a31c5cdf813beebb8586e0c5a6fd6a9a/vscode.lock': Marking the lockfile as scheduled to be released in 6000 ms.
2024-05-23 23:19:26.016 [error] Canceled: Canceled
	at new O (/home/eric/.vscode-server/cli/servers/Stable-dc96b837cf6bb4af9cd736aa3af08cf8279f7685/server/out/vs/workbench/api/node/extensionHostProcess.js:145:47131)
	at c.U (/home/eric/.vscode-server/cli/servers/Stable-dc96b837cf6bb4af9cd736aa3af08cf8279f7685/server/out/vs/workbench/api/node/extensionHostProcess.js:152:5542)
	at F.<computed>.z.charCodeAt.F.<computed> (/home/eric/.vscode-server/cli/servers/Stable-dc96b837cf6bb4af9cd736aa3af08cf8279f7685/server/out/vs/workbench/api/node/extensionHostProcess.js:152:2993)
	at r.g (/home/eric/.vscode-server/cli/servers/Stable-dc96b837cf6bb4af9cd736aa3af08cf8279f7685/server/out/vs/workbench/api/node/extensionHostProcess.js:155:188928)
	at r.executeCommand (/home/eric/.vscode-server/cli/servers/Stable-dc96b837cf6bb4af9cd736aa3af08cf8279f7685/server/out/vs/workbench/api/node/extensionHostProcess.js:155:188366)
	at E.registerCommand.description (/home/eric/.vscode-server/cli/servers/Stable-dc96b837cf6bb4af9cd736aa3af08cf8279f7685/server/out/vs/workbench/api/node/extensionHostProcess.js:155:187690)
	at r.h (/home/eric/.vscode-server/cli/servers/Stable-dc96b837cf6bb4af9cd736aa3af08cf8279f7685/server/out/vs/workbench/api/node/extensionHostProcess.js:155:189467)
	at r.g (/home/eric/.vscode-server/cli/servers/Stable-dc96b837cf6bb4af9cd736aa3af08cf8279f7685/server/out/vs/workbench/api/node/extensionHostProcess.js:155:188459)
	at r.executeCommand (/home/eric/.vscode-server/cli/servers/Stable-dc96b837cf6bb4af9cd736aa3af08cf8279f7685/server/out/vs/workbench/api/node/extensionHostProcess.js:155:188366)
	at Object.executeCommand (/home/eric/.vscode-server/cli/servers/Stable-dc96b837cf6bb4af9cd736aa3af08cf8279f7685/server/out/vs/workbench/api/node/extensionHostProcess.js:165:22673)
	at a.O [as value] (/home/eric/.vscode-server/cli/servers/Stable-dc96b837cf6bb4af9cd736aa3af08cf8279f7685/server/extensions/git/dist/main.js:2:945138)
	at o.y (/home/eric/.vscode-server/cli/servers/Stable-dc96b837cf6bb4af9cd736aa3af08cf8279f7685/server/out/vs/workbench/api/node/extensionHostProcess.js:82:660)
	at o.z (/home/eric/.vscode-server/cli/servers/Stable-dc96b837cf6bb4af9cd736aa3af08cf8279f7685/server/out/vs/workbench/api/node/extensionHostProcess.js:82:730)
	at o.fire (/home/eric/.vscode-server/cli/servers/Stable-dc96b837cf6bb4af9cd736aa3af08cf8279f7685/server/out/vs/workbench/api/node/extensionHostProcess.js:82:946)
	at Object.p [as dispose] (/home/eric/.vscode-server/cli/servers/Stable-dc96b837cf6bb4af9cd736aa3af08cf8279f7685/server/extensions/git/dist/main.js:2:964222)
	at /home/eric/.vscode-server/cli/servers/Stable-dc96b837cf6bb4af9cd736aa3af08cf8279f7685/server/extensions/git/dist/main.js:2:970260
	at Array.forEach (<anonymous>)
	at f.dispose (/home/eric/.vscode-server/cli/servers/Stable-dc96b837cf6bb4af9cd736aa3af08cf8279f7685/server/extensions/git/dist/main.js:2:970246)
	at h.<anonymous> (/home/eric/.vscode-server/cli/servers/Stable-dc96b837cf6bb4af9cd736aa3af08cf8279f7685/server/out/vs/workbench/api/node/extensionHostProcess.js:153:3955)
	at h.dispose (/home/eric/.vscode-server/cli/servers/Stable-dc96b837cf6bb4af9cd736aa3af08cf8279f7685/server/out/vs/workbench/api/node/extensionHostProcess.js:153:4052)
	at h.<anonymous> (/home/eric/.vscode-server/cli/servers/Stable-dc96b837cf6bb4af9cd736aa3af08cf8279f7685/server/extensions/git/dist/main.js:2:947395)
	at h.dispose (/home/eric/.vscode-server/cli/servers/Stable-dc96b837cf6bb4af9cd736aa3af08cf8279f7685/server/out/vs/workbench/api/node/extensionHostProcess.js:153:4052)
	at a (/home/eric/.vscode-server/cli/servers/Stable-dc96b837cf6bb4af9cd736aa3af08cf8279f7685/server/out/vs/workbench/api/node/extensionHostProcess.js:30:744)
	at f.eb (/home/eric/.vscode-server/cli/servers/Stable-dc96b837cf6bb4af9cd736aa3af08cf8279f7685/server/out/vs/workbench/api/node/extensionHostProcess.js:161:9975)
	at /home/eric/.vscode-server/cli/servers/Stable-dc96b837cf6bb4af9cd736aa3af08cf8279f7685/server/out/vs/workbench/api/node/extensionHostProcess.js:161:7824
	at Array.map (<anonymous>)
	at f.$ (/home/eric/.vscode-server/cli/servers/Stable-dc96b837cf6bb4af9cd736aa3af08cf8279f7685/server/out/vs/workbench/api/node/extensionHostProcess.js:161:7811)
	at f.terminate (/home/eric/.vscode-server/cli/servers/Stable-dc96b837cf6bb4af9cd736aa3af08cf8279f7685/server/out/vs/workbench/api/node/extensionHostProcess.js:161:8085)
	at a.terminate (/home/eric/.vscode-server/cli/servers/Stable-dc96b837cf6bb4af9cd736aa3af08cf8279f7685/server/out/vs/workbench/api/node/extensionHostProcess.js:165:1513)
	at t (/home/eric/.vscode-server/cli/servers/Stable-dc96b837cf6bb4af9cd736aa3af08cf8279f7685/server/out/vs/workbench/api/node/extensionHostProcess.js:178:9922)
	at T.a (/home/eric/.vscode-server/cli/servers/Stable-dc96b837cf6bb4af9cd736aa3af08cf8279f7685/server/out/vs/workbench/api/node/extensionHostProcess.js:178:6652)
	at T.h (/home/eric/.vscode-server/cli/servers/Stable-dc96b837cf6bb4af9cd736aa3af08cf8279f7685/server/out/vs/workbench/api/node/extensionHostProcess.js:99:20709)
	at listOnTimeout (node:internal/timers:569:17)
	at process.processTimers (node:internal/timers:512:7) setContext undefined
2024-05-23 23:19:26.016 [error] Canceled: Canceled
	at new O (/home/eric/.vscode-server/cli/servers/Stable-dc96b837cf6bb4af9cd736aa3af08cf8279f7685/server/out/vs/workbench/api/node/extensionHostProcess.js:145:47131)
	at c.U (/home/eric/.vscode-server/cli/servers/Stable-dc96b837cf6bb4af9cd736aa3af08cf8279f7685/server/out/vs/workbench/api/node/extensionHostProcess.js:152:5542)
	at F.<computed>.z.charCodeAt.F.<computed> (/home/eric/.vscode-server/cli/servers/Stable-dc96b837cf6bb4af9cd736aa3af08cf8279f7685/server/out/vs/workbench/api/node/extensionHostProcess.js:152:2993)
	at r.g (/home/eric/.vscode-server/cli/servers/Stable-dc96b837cf6bb4af9cd736aa3af08cf8279f7685/server/out/vs/workbench/api/node/extensionHostProcess.js:155:188928)
	at r.executeCommand (/home/eric/.vscode-server/cli/servers/Stable-dc96b837cf6bb4af9cd736aa3af08cf8279f7685/server/out/vs/workbench/api/node/extensionHostProcess.js:155:188366)
	at E.registerCommand.description (/home/eric/.vscode-server/cli/servers/Stable-dc96b837cf6bb4af9cd736aa3af08cf8279f7685/server/out/vs/workbench/api/node/extensionHostProcess.js:155:187690)
	at r.h (/home/eric/.vscode-server/cli/servers/Stable-dc96b837cf6bb4af9cd736aa3af08cf8279f7685/server/out/vs/workbench/api/node/extensionHostProcess.js:155:189467)
	at r.g (/home/eric/.vscode-server/cli/servers/Stable-dc96b837cf6bb4af9cd736aa3af08cf8279f7685/server/out/vs/workbench/api/node/extensionHostProcess.js:155:188459)
	at r.executeCommand (/home/eric/.vscode-server/cli/servers/Stable-dc96b837cf6bb4af9cd736aa3af08cf8279f7685/server/out/vs/workbench/api/node/extensionHostProcess.js:155:188366)
	at Object.executeCommand (/home/eric/.vscode-server/cli/servers/Stable-dc96b837cf6bb4af9cd736aa3af08cf8279f7685/server/out/vs/workbench/api/node/extensionHostProcess.js:165:22673)
	at set hasGitHubRepositories [as hasGitHubRepositories] (/home/eric/.vscode-server/cli/servers/Stable-dc96b837cf6bb4af9cd736aa3af08cf8279f7685/server/extensions/github/dist/extension.js:2:322969)
	at /home/eric/.vscode-server/cli/servers/Stable-dc96b837cf6bb4af9cd736aa3af08cf8279f7685/server/extensions/github/dist/extension.js:2:323928
	at a.value (/home/eric/.vscode-server/cli/servers/Stable-dc96b837cf6bb4af9cd736aa3af08cf8279f7685/server/extensions/git/dist/main.js:2:1050711)
	at o.y (/home/eric/.vscode-server/cli/servers/Stable-dc96b837cf6bb4af9cd736aa3af08cf8279f7685/server/out/vs/workbench/api/node/extensionHostProcess.js:82:660)
	at o.z (/home/eric/.vscode-server/cli/servers/Stable-dc96b837cf6bb4af9cd736aa3af08cf8279f7685/server/out/vs/workbench/api/node/extensionHostProcess.js:82:730)
	at o.fire (/home/eric/.vscode-server/cli/servers/Stable-dc96b837cf6bb4af9cd736aa3af08cf8279f7685/server/out/vs/workbench/api/node/extensionHostProcess.js:82:946)
	at Object.p [as dispose] (/home/eric/.vscode-server/cli/servers/Stable-dc96b837cf6bb4af9cd736aa3af08cf8279f7685/server/extensions/git/dist/main.js:2:964222)
	at /home/eric/.vscode-server/cli/servers/Stable-dc96b837cf6bb4af9cd736aa3af08cf8279f7685/server/extensions/git/dist/main.js:2:970260
	at Array.forEach (<anonymous>)
	at f.dispose (/home/eric/.vscode-server/cli/servers/Stable-dc96b837cf6bb4af9cd736aa3af08cf8279f7685/server/extensions/git/dist/main.js:2:970246)
	at h.<anonymous> (/home/eric/.vscode-server/cli/servers/Stable-dc96b837cf6bb4af9cd736aa3af08cf8279f7685/server/out/vs/workbench/api/node/extensionHostProcess.js:153:3955)
	at h.dispose (/home/eric/.vscode-server/cli/servers/Stable-dc96b837cf6bb4af9cd736aa3af08cf8279f7685/server/out/vs/workbench/api/node/extensionHostProcess.js:153:4052)
	at h.<anonymous> (/home/eric/.vscode-server/cli/servers/Stable-dc96b837cf6bb4af9cd736aa3af08cf8279f7685/server/extensions/git/dist/main.js:2:947395)
	at h.dispose (/home/eric/.vscode-server/cli/servers/Stable-dc96b837cf6bb4af9cd736aa3af08cf8279f7685/server/out/vs/workbench/api/node/extensionHostProcess.js:153:4052)
	at a (/home/eric/.vscode-server/cli/servers/Stable-dc96b837cf6bb4af9cd736aa3af08cf8279f7685/server/out/vs/workbench/api/node/extensionHostProcess.js:30:744)
	at f.eb (/home/eric/.vscode-server/cli/servers/Stable-dc96b837cf6bb4af9cd736aa3af08cf8279f7685/server/out/vs/workbench/api/node/extensionHostProcess.js:161:9975)
	at /home/eric/.vscode-server/cli/servers/Stable-dc96b837cf6bb4af9cd736aa3af08cf8279f7685/server/out/vs/workbench/api/node/extensionHostProcess.js:161:7824
	at Array.map (<anonymous>)
	at f.$ (/home/eric/.vscode-server/cli/servers/Stable-dc96b837cf6bb4af9cd736aa3af08cf8279f7685/server/out/vs/workbench/api/node/extensionHostProcess.js:161:7811)
	at f.terminate (/home/eric/.vscode-server/cli/servers/Stable-dc96b837cf6bb4af9cd736aa3af08cf8279f7685/server/out/vs/workbench/api/node/extensionHostProcess.js:161:8085)
	at a.terminate (/home/eric/.vscode-server/cli/servers/Stable-dc96b837cf6bb4af9cd736aa3af08cf8279f7685/server/out/vs/workbench/api/node/extensionHostProcess.js:165:1513)
	at t (/home/eric/.vscode-server/cli/servers/Stable-dc96b837cf6bb4af9cd736aa3af08cf8279f7685/server/out/vs/workbench/api/node/extensionHostProcess.js:178:9922)
	at T.a (/home/eric/.vscode-server/cli/servers/Stable-dc96b837cf6bb4af9cd736aa3af08cf8279f7685/server/out/vs/workbench/api/node/extensionHostProcess.js:178:6652)
	at T.h (/home/eric/.vscode-server/cli/servers/Stable-dc96b837cf6bb4af9cd736aa3af08cf8279f7685/server/out/vs/workbench/api/node/extensionHostProcess.js:99:20709)
	at listOnTimeout (node:internal/timers:569:17)
	at process.processTimers (node:internal/timers:512:7) setContext undefined
2024-05-23 23:19:26.023 [info] Extension host with pid 4007608 exiting with code 0
